[19-Jan-2011 21:15:55] PHP Parse error:  syntax error, unexpected T_LNUMBER, expecting ',' or ';' in /afs/ist.utl.pt/users/6/0/ist156960/web/index.php on line 69
[19-Jan-2011 21:18:51] PHP Parse error:  syntax error, unexpected $end in /afs/ist.utl.pt/users/6/0/ist156960/web/index.php on line 76
[19-Jan-2011 23:28:14] PHP Parse error:  syntax error, unexpected '*' in /afs/ist.utl.pt/users/6/0/ist156960/web/steam.php on line 55
[19-Jan-2011 23:28:17] PHP Parse error:  syntax error, unexpected '*' in /afs/ist.utl.pt/users/6/0/ist156960/web/steam.php on line 55
[20-Jan-2011 14:56:50] PHP Parse error:  syntax error, unexpected '}' in /afs/ist.utl.pt/users/6/0/ist156960/web/steam.php on line 66
[20-Jan-2011 20:13:36] PHP Warning:  preg_match() [<a href='function.preg-match'>function.preg-match</a>]: Unknown modifier 't' in /afs/ist.utl.pt/users/6/0/ist156960/web/steam.php on line 5
[20-Jan-2011 20:33:19] PHP Warning:  file_get_contents(http://cdn.steampowered.com/v/gfx/apps/22000/capsule_616x353.jpg) [<a href='function.file-get-contents'>function.file-get-contents</a>]: failed to open stream: HTTP request failed! HTTP/1.0 404 Not Found
 in /afs/ist.utl.pt/users/6/0/ist156960/web/steam.php on line 66
[20-Jan-2011 21:12:57] PHP Warning:  Unknown: Your script possibly relies on a session side-effect which existed until PHP 4.2.3. Please be advised that the session extension does not consider global variables as a source of data, unless register_globals is enabled. You can disable this functionality and this warning by setting session.bug_compat_42 or session.bug_compat_warn to off, respectively. in Unknown on line 0
[20-Jan-2011 21:13:02] PHP Warning:  Unknown: Your script possibly relies on a session side-effect which existed until PHP 4.2.3. Please be advised that the session extension does not consider global variables as a source of data, unless register_globals is enabled. You can disable this functionality and this warning by setting session.bug_compat_42 or session.bug_compat_warn to off, respectively. in Unknown on line 0
[21-Jan-2011 00:31:20] PHP Warning:  Unknown: Your script possibly relies on a session side-effect which existed until PHP 4.2.3. Please be advised that the session extension does not consider global variables as a source of data, unless register_globals is enabled. You can disable this functionality and this warning by setting session.bug_compat_42 or session.bug_compat_warn to off, respectively. in Unknown on line 0
[21-Jan-2011 00:31:42] PHP Warning:  Unknown: Your script possibly relies on a session side-effect which existed until PHP 4.2.3. Please be advised that the session extension does not consider global variables as a source of data, unless register_globals is enabled. You can disable this functionality and this warning by setting session.bug_compat_42 or session.bug_compat_warn to off, respectively. in Unknown on line 0
[21-Jan-2011 12:10:42] PHP Warning:  Unknown: Your script possibly relies on a session side-effect which existed until PHP 4.2.3. Please be advised that the session extension does not consider global variables as a source of data, unless register_globals is enabled. You can disable this functionality and this warning by setting session.bug_compat_42 or session.bug_compat_warn to off, respectively. in Unknown on line 0
[21-Jan-2011 12:36:22] PHP Warning:  session_start() [<a href='function.session-start'>function.session-start</a>]: Cannot send session cache limiter - headers already sent (output started at /afs/ist.utl.pt/users/6/0/ist156960/web/index.php:4) in /afs/ist.utl.pt/users/6/0/ist156960/web/index.php on line 21
[21-Jan-2011 13:40:01] PHP Warning:  session_start() [<a href='function.session-start'>function.session-start</a>]: Cannot send session cookie - headers already sent by (output started at /afs/ist.utl.pt/users/6/0/ist156960/web/index.php:4) in /afs/ist.utl.pt/users/6/0/ist156960/web/index.php on line 21
[21-Jan-2011 13:40:01] PHP Warning:  session_start() [<a href='function.session-start'>function.session-start</a>]: Cannot send session cache limiter - headers already sent (output started at /afs/ist.utl.pt/users/6/0/ist156960/web/index.php:4) in /afs/ist.utl.pt/users/6/0/ist156960/web/index.php on line 21
[21-Jan-2011 13:42:53] PHP Warning:  session_start() [<a href='function.session-start'>function.session-start</a>]: Cannot send session cookie - headers already sent by (output started at /afs/ist.utl.pt/users/6/0/ist156960/web/index.php:4) in /afs/ist.utl.pt/users/6/0/ist156960/web/index.php on line 4
[21-Jan-2011 13:42:53] PHP Warning:  session_start() [<a href='function.session-start'>function.session-start</a>]: Cannot send session cache limiter - headers already sent (output started at /afs/ist.utl.pt/users/6/0/ist156960/web/index.php:4) in /afs/ist.utl.pt/users/6/0/ist156960/web/index.php on line 4
[29-Jan-2011 11:32:18] PHP Warning:  session_start() [<a href='function.session-start'>function.session-start</a>]: Cannot send session cache limiter - headers already sent (output started at /afs/ist.utl.pt/users/6/0/ist156960/web/index.php:5) in /afs/ist.utl.pt/users/6/0/ist156960/web/index.php on line 5
[29-Jan-2011 11:34:47] PHP Warning:  session_start() [<a href='function.session-start'>function.session-start</a>]: Cannot send session cache limiter - headers already sent (output started at /afs/ist.utl.pt/users/6/0/ist156960/web/index.php:4) in /afs/ist.utl.pt/users/6/0/ist156960/web/index.php on line 4
[29-Jan-2011 11:35:25] PHP Warning:  session_start() [<a href='function.session-start'>function.session-start</a>]: Cannot send session cache limiter - headers already sent (output started at /afs/ist.utl.pt/users/6/0/ist156960/web/index.php:2) in /afs/ist.utl.pt/users/6/0/ist156960/web/index.php on line 2
[31-Jan-2011 12:45:58] PHP Parse error:  syntax error, unexpected ',' in /afs/ist.utl.pt/users/6/0/ist156960/web/steam.php on line 68
[01-Feb-2011 01:57:38] PHP Parse error:  syntax error, unexpected T_ENCAPSED_AND_WHITESPACE, expecting T_STRING or T_VARIABLE or T_NUM_STRING in /afs/ist.utl.pt/users/6/0/ist156960/web/steam.php on line 82
[03-Feb-2011 13:38:04] PHP Parse error:  syntax error, unexpected ';' in /afs/ist.utl.pt/users/6/0/ist156960/web/index_5.php on line 82
[03-Feb-2011 13:38:19] PHP Fatal error:  Call to undefined function randomGame() in /afs/ist.utl.pt/users/6/0/ist156960/web/index_5.php on line 82
[03-Feb-2011 13:38:34] PHP Fatal error:  Call to undefined function randomGame() in /afs/ist.utl.pt/users/6/0/ist156960/web/index_5.php on line 82
[03-Feb-2011 13:39:07] PHP Fatal error:  Call to undefined function randomGame() in /afs/ist.utl.pt/users/6/0/ist156960/web/index_5.php on line 74
[03-Feb-2011 13:51:50] PHP Warning:  Unexpected character in input:  '\' (ASCII=92) state=1 in /afs/ist.utl.pt/users/6/0/ist156960/web/index_5.php on line 77
[03-Feb-2011 13:51:50] PHP Parse error:  syntax error, unexpected ';', expecting ']' in /afs/ist.utl.pt/users/6/0/ist156960/web/index_5.php on line 77
[22-Feb-2011 10:38:56] PHP Warning:  mysql_query(): supplied argument is not a valid MySQL-Link resource in /afs/ist.utl.pt/users/6/0/ist156960/web/steam.php on line 26
